<?xml version="1.0" encoding="UTF-8"?>
<testsuite xmlns:xsi="http://www.w3.org/2001/XMLSchema-instance" xsi:noNamespaceSchemaLocation="https://maven.apache.org/surefire/maven-surefire-plugin/xsd/surefire-test-report-3.0.xsd" version="3.0" name="br.com.aasb.orders.ApiApplicationTests" time="0.23" tests="1" errors="1" skipped="0" failures="0">
  <properties>
    <property name="java.specification.version" value="17"/>
    <property name="sun.jnu.encoding" value="UTF-8"/>
    <property name="java.class.path" value="/opt/devs/projects/aasb/aasb-orders-api/target/test-classes:/opt/devs/projects/aasb/aasb-orders-api/target/classes:/home/aasb/.m2/repository/org/springframework/boot/spring-boot-starter-web/3.2.2/spring-boot-starter-web-3.2.2.jar:/home/aasb/.m2/repository/org/springframework/boot/spring-boot-starter-json/3.2.2/spring-boot-starter-json-3.2.2.jar:/home/aasb/.m2/repository/com/fasterxml/jackson/datatype/jackson-datatype-jdk8/2.15.3/jackson-datatype-jdk8-2.15.3.jar:/home/aasb/.m2/repository/com/fasterxml/jackson/module/jackson-module-parameter-names/2.15.3/jackson-module-parameter-names-2.15.3.jar:/home/aasb/.m2/repository/org/springframework/boot/spring-boot-starter-tomcat/3.2.2/spring-boot-starter-tomcat-3.2.2.jar:/home/aasb/.m2/repository/org/apache/tomcat/embed/tomcat-embed-core/10.1.18/tomcat-embed-core-10.1.18.jar:/home/aasb/.m2/repository/org/apache/tomcat/embed/tomcat-embed-websocket/10.1.18/tomcat-embed-websocket-10.1.18.jar:/home/aasb/.m2/repository/org/springframework/spring-web/6.1.3/spring-web-6.1.3.jar:/home/aasb/.m2/repository/org/springframework/spring-beans/6.1.3/spring-beans-6.1.3.jar:/home/aasb/.m2/repository/org/springframework/spring-webmvc/6.1.3/spring-webmvc-6.1.3.jar:/home/aasb/.m2/repository/org/springframework/spring-aop/6.1.3/spring-aop-6.1.3.jar:/home/aasb/.m2/repository/org/springframework/spring-expression/6.1.3/spring-expression-6.1.3.jar:/home/aasb/.m2/repository/org/springframework/boot/spring-boot-starter-validation/3.2.2/spring-boot-starter-validation-3.2.2.jar:/home/aasb/.m2/repository/org/apache/tomcat/embed/tomcat-embed-el/10.1.18/tomcat-embed-el-10.1.18.jar:/home/aasb/.m2/repository/org/hibernate/validator/hibernate-validator/8.0.1.Final/hibernate-validator-8.0.1.Final.jar:/home/aasb/.m2/repository/jakarta/validation/jakarta.validation-api/3.0.2/jakarta.validation-api-3.0.2.jar:/home/aasb/.m2/repository/org/jboss/logging/jboss-logging/3.5.3.Final/jboss-logging-3.5.3.Final.jar:/home/aasb/.m2/repository/com/fasterxml/classmate/1.6.0/classmate-1.6.0.jar:/home/aasb/.m2/repository/org/springframework/boot/spring-boot-devtools/3.2.2/spring-boot-devtools-3.2.2.jar:/home/aasb/.m2/repository/org/springframework/boot/spring-boot/3.2.2/spring-boot-3.2.2.jar:/home/aasb/.m2/repository/org/springframework/boot/spring-boot-autoconfigure/3.2.2/spring-boot-autoconfigure-3.2.2.jar:/home/aasb/.m2/repository/com/fasterxml/jackson/datatype/jackson-datatype-jsr310/2.15.2/jackson-datatype-jsr310-2.15.2.jar:/home/aasb/.m2/repository/com/fasterxml/jackson/core/jackson-annotations/2.15.3/jackson-annotations-2.15.3.jar:/home/aasb/.m2/repository/com/fasterxml/jackson/core/jackson-core/2.15.3/jackson-core-2.15.3.jar:/home/aasb/.m2/repository/org/springframework/boot/spring-boot-starter-hateoas/3.2.2/spring-boot-starter-hateoas-3.2.2.jar:/home/aasb/.m2/repository/org/springframework/hateoas/spring-hateoas/2.2.0/spring-hateoas-2.2.0.jar:/home/aasb/.m2/repository/org/springframework/plugin/spring-plugin-core/3.0.0/spring-plugin-core-3.0.0.jar:/home/aasb/.m2/repository/org/slf4j/slf4j-api/2.0.11/slf4j-api-2.0.11.jar:/home/aasb/.m2/repository/org/springframework/boot/spring-boot-starter-actuator/3.2.2/spring-boot-starter-actuator-3.2.2.jar:/home/aasb/.m2/repository/org/springframework/boot/spring-boot-actuator-autoconfigure/3.2.2/spring-boot-actuator-autoconfigure-3.2.2.jar:/home/aasb/.m2/repository/org/springframework/boot/spring-boot-actuator/3.2.2/spring-boot-actuator-3.2.2.jar:/home/aasb/.m2/repository/io/micrometer/micrometer-observation/1.12.2/micrometer-observation-1.12.2.jar:/home/aasb/.m2/repository/io/micrometer/micrometer-commons/1.12.2/micrometer-commons-1.12.2.jar:/home/aasb/.m2/repository/io/micrometer/micrometer-jakarta9/1.12.2/micrometer-jakarta9-1.12.2.jar:/home/aasb/.m2/repository/io/micrometer/micrometer-core/1.12.2/micrometer-core-1.12.2.jar:/home/aasb/.m2/repository/org/hdrhistogram/HdrHistogram/2.1.12/HdrHistogram-2.1.12.jar:/home/aasb/.m2/repository/org/latencyutils/LatencyUtils/2.0.3/LatencyUtils-2.0.3.jar:/home/aasb/.m2/repository/org/springdoc/springdoc-openapi-starter-webmvc-ui/2.5.0/springdoc-openapi-starter-webmvc-ui-2.5.0.jar:/home/aasb/.m2/repository/org/springdoc/springdoc-openapi-starter-webmvc-api/2.5.0/springdoc-openapi-starter-webmvc-api-2.5.0.jar:/home/aasb/.m2/repository/org/springdoc/springdoc-openapi-starter-common/2.5.0/springdoc-openapi-starter-common-2.5.0.jar:/home/aasb/.m2/repository/io/swagger/core/v3/swagger-core-jakarta/2.2.21/swagger-core-jakarta-2.2.21.jar:/home/aasb/.m2/repository/org/apache/commons/commons-lang3/3.13.0/commons-lang3-3.13.0.jar:/home/aasb/.m2/repository/io/swagger/core/v3/swagger-annotations-jakarta/2.2.21/swagger-annotations-jakarta-2.2.21.jar:/home/aasb/.m2/repository/io/swagger/core/v3/swagger-models-jakarta/2.2.21/swagger-models-jakarta-2.2.21.jar:/home/aasb/.m2/repository/com/fasterxml/jackson/dataformat/jackson-dataformat-yaml/2.15.3/jackson-dataformat-yaml-2.15.3.jar:/home/aasb/.m2/repository/org/webjars/swagger-ui/5.13.0/swagger-ui-5.13.0.jar:/home/aasb/.m2/repository/org/springframework/kafka/spring-kafka/3.1.1/spring-kafka-3.1.1.jar:/home/aasb/.m2/repository/org/springframework/spring-context/6.1.3/spring-context-6.1.3.jar:/home/aasb/.m2/repository/org/springframework/spring-messaging/6.1.3/spring-messaging-6.1.3.jar:/home/aasb/.m2/repository/org/springframework/spring-tx/6.1.3/spring-tx-6.1.3.jar:/home/aasb/.m2/repository/org/springframework/retry/spring-retry/2.0.5/spring-retry-2.0.5.jar:/home/aasb/.m2/repository/org/apache/kafka/kafka-clients/3.6.1/kafka-clients-3.6.1.jar:/home/aasb/.m2/repository/com/github/luben/zstd-jni/1.5.5-1/zstd-jni-1.5.5-1.jar:/home/aasb/.m2/repository/org/lz4/lz4-java/1.8.0/lz4-java-1.8.0.jar:/home/aasb/.m2/repository/org/xerial/snappy/snappy-java/1.1.10.5/snappy-java-1.1.10.5.jar:/home/aasb/.m2/repository/com/google/code/findbugs/jsr305/3.0.2/jsr305-3.0.2.jar:/home/aasb/.m2/repository/org/springframework/boot/spring-boot-starter-data-jpa/3.2.2/spring-boot-starter-data-jpa-3.2.2.jar:/home/aasb/.m2/repository/org/springframework/boot/spring-boot-starter-aop/3.2.2/spring-boot-starter-aop-3.2.2.jar:/home/aasb/.m2/repository/org/aspectj/aspectjweaver/1.9.21/aspectjweaver-1.9.21.jar:/home/aasb/.m2/repository/org/springframework/boot/spring-boot-starter-jdbc/3.2.2/spring-boot-starter-jdbc-3.2.2.jar:/home/aasb/.m2/repository/com/zaxxer/HikariCP/5.0.1/HikariCP-5.0.1.jar:/home/aasb/.m2/repository/org/springframework/spring-jdbc/6.1.3/spring-jdbc-6.1.3.jar:/home/aasb/.m2/repository/org/hibernate/orm/hibernate-core/6.4.1.Final/hibernate-core-6.4.1.Final.jar:/home/aasb/.m2/repository/jakarta/persistence/jakarta.persistence-api/3.1.0/jakarta.persistence-api-3.1.0.jar:/home/aasb/.m2/repository/jakarta/transaction/jakarta.transaction-api/2.0.1/jakarta.transaction-api-2.0.1.jar:/home/aasb/.m2/repository/org/hibernate/common/hibernate-commons-annotations/6.0.6.Final/hibernate-commons-annotations-6.0.6.Final.jar:/home/aasb/.m2/repository/io/smallrye/jandex/3.1.2/jandex-3.1.2.jar:/home/aasb/.m2/repository/net/bytebuddy/byte-buddy/1.14.11/byte-buddy-1.14.11.jar:/home/aasb/.m2/repository/org/glassfish/jaxb/jaxb-runtime/4.0.4/jaxb-runtime-4.0.4.jar:/home/aasb/.m2/repository/org/glassfish/jaxb/jaxb-core/4.0.4/jaxb-core-4.0.4.jar:/home/aasb/.m2/repository/org/eclipse/angus/angus-activation/2.0.1/angus-activation-2.0.1.jar:/home/aasb/.m2/repository/org/glassfish/jaxb/txw2/4.0.4/txw2-4.0.4.jar:/home/aasb/.m2/repository/com/sun/istack/istack-commons-runtime/4.1.2/istack-commons-runtime-4.1.2.jar:/home/aasb/.m2/repository/jakarta/inject/jakarta.inject-api/2.0.1/jakarta.inject-api-2.0.1.jar:/home/aasb/.m2/repository/org/antlr/antlr4-runtime/4.13.0/antlr4-runtime-4.13.0.jar:/home/aasb/.m2/repository/org/springframework/data/spring-data-jpa/3.2.2/spring-data-jpa-3.2.2.jar:/home/aasb/.m2/repository/org/springframework/data/spring-data-commons/3.2.2/spring-data-commons-3.2.2.jar:/home/aasb/.m2/repository/org/springframework/spring-orm/6.1.3/spring-orm-6.1.3.jar:/home/aasb/.m2/repository/org/springframework/spring-aspects/6.1.3/spring-aspects-6.1.3.jar:/home/aasb/.m2/repository/mysql/mysql-connector-java/8.0.30/mysql-connector-java-8.0.30.jar:/home/aasb/.m2/repository/com/google/protobuf/protobuf-java/3.19.4/protobuf-java-3.19.4.jar:/home/aasb/.m2/repository/org/flywaydb/flyway-core/9.22.3/flyway-core-9.22.3.jar:/home/aasb/.m2/repository/com/fasterxml/jackson/dataformat/jackson-dataformat-toml/2.15.3/jackson-dataformat-toml-2.15.3.jar:/home/aasb/.m2/repository/com/google/code/gson/gson/2.10.1/gson-2.10.1.jar:/home/aasb/.m2/repository/org/flywaydb/flyway-mysql/9.22.3/flyway-mysql-9.22.3.jar:/home/aasb/.m2/repository/org/projectlombok/lombok/1.18.30/lombok-1.18.30.jar:/home/aasb/.m2/repository/org/springframework/boot/spring-boot-starter/3.2.2/spring-boot-starter-3.2.2.jar:/home/aasb/.m2/repository/jakarta/annotation/jakarta.annotation-api/2.1.1/jakarta.annotation-api-2.1.1.jar:/home/aasb/.m2/repository/org/springframework/spring-core/6.1.3/spring-core-6.1.3.jar:/home/aasb/.m2/repository/org/springframework/spring-jcl/6.1.3/spring-jcl-6.1.3.jar:/home/aasb/.m2/repository/org/yaml/snakeyaml/2.2/snakeyaml-2.2.jar:/home/aasb/.m2/repository/org/springframework/boot/spring-boot-starter-log4j2/3.2.2/spring-boot-starter-log4j2-3.2.2.jar:/home/aasb/.m2/repository/org/apache/logging/log4j/log4j-slf4j2-impl/2.21.1/log4j-slf4j2-impl-2.21.1.jar:/home/aasb/.m2/repository/org/apache/logging/log4j/log4j-api/2.21.1/log4j-api-2.21.1.jar:/home/aasb/.m2/repository/org/apache/logging/log4j/log4j-core/2.21.1/log4j-core-2.21.1.jar:/home/aasb/.m2/repository/org/apache/logging/log4j/log4j-jul/2.21.1/log4j-jul-2.21.1.jar:/home/aasb/.m2/repository/org/mapstruct/mapstruct/1.5.3.Final/mapstruct-1.5.3.Final.jar:/home/aasb/.m2/repository/com/fasterxml/jackson/core/jackson-databind/2.14.0/jackson-databind-2.14.0.jar:/home/aasb/.m2/repository/org/springframework/boot/spring-boot-test-autoconfigure/3.2.2/spring-boot-test-autoconfigure-3.2.2.jar:/home/aasb/.m2/repository/org/springframework/boot/spring-boot-test/3.2.2/spring-boot-test-3.2.2.jar:/home/aasb/.m2/repository/org/springframework/boot/spring-boot-starter-test/3.2.2/spring-boot-starter-test-3.2.2.jar:/home/aasb/.m2/repository/com/jayway/jsonpath/json-path/2.8.0/json-path-2.8.0.jar:/home/aasb/.m2/repository/jakarta/xml/bind/jakarta.xml.bind-api/4.0.1/jakarta.xml.bind-api-4.0.1.jar:/home/aasb/.m2/repository/jakarta/activation/jakarta.activation-api/2.1.2/jakarta.activation-api-2.1.2.jar:/home/aasb/.m2/repository/net/minidev/json-smart/2.5.0/json-smart-2.5.0.jar:/home/aasb/.m2/repository/net/minidev/accessors-smart/2.5.0/accessors-smart-2.5.0.jar:/home/aasb/.m2/repository/org/ow2/asm/asm/9.3/asm-9.3.jar:/home/aasb/.m2/repository/org/assertj/assertj-core/3.24.2/assertj-core-3.24.2.jar:/home/aasb/.m2/repository/org/hamcrest/hamcrest/2.2/hamcrest-2.2.jar:/home/aasb/.m2/repository/org/junit/jupiter/junit-jupiter/5.10.1/junit-jupiter-5.10.1.jar:/home/aasb/.m2/repository/org/junit/jupiter/junit-jupiter-params/5.10.1/junit-jupiter-params-5.10.1.jar:/home/aasb/.m2/repository/org/junit/jupiter/junit-jupiter-engine/5.10.1/junit-jupiter-engine-5.10.1.jar:/home/aasb/.m2/repository/org/mockito/mockito-core/5.7.0/mockito-core-5.7.0.jar:/home/aasb/.m2/repository/net/bytebuddy/byte-buddy-agent/1.14.11/byte-buddy-agent-1.14.11.jar:/home/aasb/.m2/repository/org/objenesis/objenesis/3.3/objenesis-3.3.jar:/home/aasb/.m2/repository/org/mockito/mockito-junit-jupiter/5.7.0/mockito-junit-jupiter-5.7.0.jar:/home/aasb/.m2/repository/org/skyscreamer/jsonassert/1.5.1/jsonassert-1.5.1.jar:/home/aasb/.m2/repository/com/vaadin/external/google/android-json/0.0.20131108.vaadin1/android-json-0.0.20131108.vaadin1.jar:/home/aasb/.m2/repository/org/springframework/spring-test/6.1.3/spring-test-6.1.3.jar:/home/aasb/.m2/repository/org/xmlunit/xmlunit-core/2.9.1/xmlunit-core-2.9.1.jar:/home/aasb/.m2/repository/org/postgresql/postgresql/42.6.0/postgresql-42.6.0.jar:/home/aasb/.m2/repository/org/checkerframework/checker-qual/3.31.0/checker-qual-3.31.0.jar:/home/aasb/.m2/repository/org/testcontainers/postgresql/1.18.0/postgresql-1.18.0.jar:/home/aasb/.m2/repository/org/testcontainers/jdbc/1.18.0/jdbc-1.18.0.jar:/home/aasb/.m2/repository/org/testcontainers/database-commons/1.18.0/database-commons-1.18.0.jar:/home/aasb/.m2/repository/org/testcontainers/testcontainers/1.18.0/testcontainers-1.18.0.jar:/home/aasb/.m2/repository/junit/junit/4.13.2/junit-4.13.2.jar:/home/aasb/.m2/repository/org/hamcrest/hamcrest-core/2.2/hamcrest-core-2.2.jar:/home/aasb/.m2/repository/org/apache/commons/commons-compress/1.22/commons-compress-1.22.jar:/home/aasb/.m2/repository/org/rnorth/duct-tape/duct-tape/1.0.8/duct-tape-1.0.8.jar:/home/aasb/.m2/repository/org/jetbrains/annotations/17.0.0/annotations-17.0.0.jar:/home/aasb/.m2/repository/com/github/docker-java/docker-java-api/3.3.0/docker-java-api-3.3.0.jar:/home/aasb/.m2/repository/com/github/docker-java/docker-java-transport-zerodep/3.3.0/docker-java-transport-zerodep-3.3.0.jar:/home/aasb/.m2/repository/com/github/docker-java/docker-java-transport/3.3.0/docker-java-transport-3.3.0.jar:/home/aasb/.m2/repository/net/java/dev/jna/jna/5.12.1/jna-5.12.1.jar:/home/aasb/.m2/repository/org/awaitility/awaitility/4.2.0/awaitility-4.2.0.jar:/home/aasb/.m2/repository/io/findify/s3mock_2.13/0.2.6/s3mock_2.13-0.2.6.jar:/home/aasb/.m2/repository/org/scala-lang/scala-library/2.13.2/scala-library-2.13.2.jar:/home/aasb/.m2/repository/com/typesafe/akka/akka-stream_2.13/2.5.31/akka-stream_2.13-2.5.31.jar:/home/aasb/.m2/repository/com/typesafe/akka/akka-actor_2.13/2.5.31/akka-actor_2.13-2.5.31.jar:/home/aasb/.m2/repository/com/typesafe/config/1.3.3/config-1.3.3.jar:/home/aasb/.m2/repository/com/typesafe/akka/akka-protobuf_2.13/2.5.31/akka-protobuf_2.13-2.5.31.jar:/home/aasb/.m2/repository/org/reactivestreams/reactive-streams/1.0.4/reactive-streams-1.0.4.jar:/home/aasb/.m2/repository/com/typesafe/ssl-config-core_2.13/0.3.8/ssl-config-core_2.13-0.3.8.jar:/home/aasb/.m2/repository/org/scala-lang/modules/scala-parser-combinators_2.13/1.1.2/scala-parser-combinators_2.13-1.1.2.jar:/home/aasb/.m2/repository/com/typesafe/akka/akka-http_2.13/10.1.12/akka-http_2.13-10.1.12.jar:/home/aasb/.m2/repository/com/typesafe/akka/akka-http-core_2.13/10.1.12/akka-http-core_2.13-10.1.12.jar:/home/aasb/.m2/repository/com/typesafe/akka/akka-parsing_2.13/10.1.12/akka-parsing_2.13-10.1.12.jar:/home/aasb/.m2/repository/org/scala-lang/modules/scala-xml_2.13/1.3.0/scala-xml_2.13-1.3.0.jar:/home/aasb/.m2/repository/org/scala-lang/modules/scala-collection-compat_2.13/2.1.6/scala-collection-compat_2.13-2.1.6.jar:/home/aasb/.m2/repository/com/github/pathikrit/better-files_2.13/3.9.1/better-files_2.13-3.9.1.jar:/home/aasb/.m2/repository/com/typesafe/scala-logging/scala-logging_2.13/3.9.2/scala-logging_2.13-3.9.2.jar:/home/aasb/.m2/repository/org/scala-lang/scala-reflect/2.13.0/scala-reflect-2.13.0.jar:/home/aasb/.m2/repository/com/amazonaws/aws-java-sdk-s3/1.11.294/aws-java-sdk-s3-1.11.294.jar:/home/aasb/.m2/repository/com/amazonaws/aws-java-sdk-kms/1.11.294/aws-java-sdk-kms-1.11.294.jar:/home/aasb/.m2/repository/com/amazonaws/aws-java-sdk-core/1.11.294/aws-java-sdk-core-1.11.294.jar:/home/aasb/.m2/repository/commons-logging/commons-logging/1.1.3/commons-logging-1.1.3.jar:/home/aasb/.m2/repository/org/apache/httpcomponents/httpclient/4.5.5/httpclient-4.5.5.jar:/home/aasb/.m2/repository/org/apache/httpcomponents/httpcore/4.4.16/httpcore-4.4.16.jar:/home/aasb/.m2/repository/commons-codec/commons-codec/1.16.0/commons-codec-1.16.0.jar:/home/aasb/.m2/repository/software/amazon/ion/ion-java/1.0.2/ion-java-1.0.2.jar:/home/aasb/.m2/repository/com/fasterxml/jackson/dataformat/jackson-dataformat-cbor/2.15.3/jackson-dataformat-cbor-2.15.3.jar:/home/aasb/.m2/repository/joda-time/joda-time/2.8.1/joda-time-2.8.1.jar:/home/aasb/.m2/repository/com/amazonaws/jmespath-java/1.11.294/jmespath-java-1.11.294.jar:/home/aasb/.m2/repository/org/iq80/leveldb/leveldb/0.12/leveldb-0.12.jar:/home/aasb/.m2/repository/org/iq80/leveldb/leveldb-api/0.12/leveldb-api-0.12.jar:/home/aasb/.m2/repository/com/google/guava/guava/21.0/guava-21.0.jar:/home/aasb/.m2/repository/javax/xml/bind/jaxb-api/2.3.1/jaxb-api-2.3.1.jar:/home/aasb/.m2/repository/javax/activation/javax.activation-api/1.2.0/javax.activation-api-1.2.0.jar:/home/aasb/.m2/repository/org/springframework/kafka/spring-kafka-test/3.1.1/spring-kafka-test-3.1.1.jar:/home/aasb/.m2/repository/org/apache/zookeeper/zookeeper/3.8.3/zookeeper-3.8.3.jar:/home/aasb/.m2/repository/org/apache/zookeeper/zookeeper-jute/3.8.3/zookeeper-jute-3.8.3.jar:/home/aasb/.m2/repository/org/apache/yetus/audience-annotations/0.12.0/audience-annotations-0.12.0.jar:/home/aasb/.m2/repository/io/netty/netty-handler/4.1.105.Final/netty-handler-4.1.105.Final.jar:/home/aasb/.m2/repository/io/netty/netty-common/4.1.105.Final/netty-common-4.1.105.Final.jar:/home/aasb/.m2/repository/io/netty/netty-resolver/4.1.105.Final/netty-resolver-4.1.105.Final.jar:/home/aasb/.m2/repository/io/netty/netty-buffer/4.1.105.Final/netty-buffer-4.1.105.Final.jar:/home/aasb/.m2/repository/io/netty/netty-transport/4.1.105.Final/netty-transport-4.1.105.Final.jar:/home/aasb/.m2/repository/io/netty/netty-transport-native-unix-common/4.1.105.Final/netty-transport-native-unix-common-4.1.105.Final.jar:/home/aasb/.m2/repository/io/netty/netty-codec/4.1.105.Final/netty-codec-4.1.105.Final.jar:/home/aasb/.m2/repository/io/netty/netty-transport-native-epoll/4.1.105.Final/netty-transport-native-epoll-4.1.105.Final.jar:/home/aasb/.m2/repository/io/netty/netty-transport-classes-epoll/4.1.105.Final/netty-transport-classes-epoll-4.1.105.Final.jar:/home/aasb/.m2/repository/ch/qos/logback/logback-core/1.4.14/logback-core-1.4.14.jar:/home/aasb/.m2/repository/ch/qos/logback/logback-classic/1.4.14/logback-classic-1.4.14.jar:/home/aasb/.m2/repository/commons-io/commons-io/2.11.0/commons-io-2.11.0.jar:/home/aasb/.m2/repository/org/apache/kafka/kafka-clients/3.6.1/kafka-clients-3.6.1-test.jar:/home/aasb/.m2/repository/org/apache/kafka/kafka-metadata/3.6.1/kafka-metadata-3.6.1.jar:/home/aasb/.m2/repository/org/apache/kafka/kafka-raft/3.6.1/kafka-raft-3.6.1.jar:/home/aasb/.m2/repository/com/yammer/metrics/metrics-core/2.2.0/metrics-core-2.2.0.jar:/home/aasb/.m2/repository/org/apache/kafka/kafka-server-common/3.6.1/kafka-server-common-3.6.1.jar:/home/aasb/.m2/repository/net/sf/jopt-simple/jopt-simple/5.0.4/jopt-simple-5.0.4.jar:/home/aasb/.m2/repository/org/pcollections/pcollections/4.0.1/pcollections-4.0.1.jar:/home/aasb/.m2/repository/org/apache/kafka/kafka-server-common/3.6.1/kafka-server-common-3.6.1-test.jar:/home/aasb/.m2/repository/org/apache/kafka/kafka-streams-test-utils/3.6.1/kafka-streams-test-utils-3.6.1.jar:/home/aasb/.m2/repository/org/apache/kafka/kafka-streams/3.6.1/kafka-streams-3.6.1.jar:/home/aasb/.m2/repository/org/rocksdb/rocksdbjni/7.9.2/rocksdbjni-7.9.2.jar:/home/aasb/.m2/repository/org/apache/kafka/kafka_2.13/3.6.1/kafka_2.13-3.6.1.jar:/home/aasb/.m2/repository/org/apache/kafka/kafka-group-coordinator/3.6.1/kafka-group-coordinator-3.6.1.jar:/home/aasb/.m2/repository/org/apache/kafka/kafka-storage-api/3.6.1/kafka-storage-api-3.6.1.jar:/home/aasb/.m2/repository/org/apache/kafka/kafka-tools-api/3.6.1/kafka-tools-api-3.6.1.jar:/home/aasb/.m2/repository/org/apache/kafka/kafka-storage/3.6.1/kafka-storage-3.6.1.jar:/home/aasb/.m2/repository/com/github/ben-manes/caffeine/caffeine/3.1.8/caffeine-3.1.8.jar:/home/aasb/.m2/repository/com/google/errorprone/error_prone_annotations/2.21.1/error_prone_annotations-2.21.1.jar:/home/aasb/.m2/repository/net/sourceforge/argparse4j/argparse4j/0.7.0/argparse4j-0.7.0.jar:/home/aasb/.m2/repository/commons-validator/commons-validator/1.7/commons-validator-1.7.jar:/home/aasb/.m2/repository/commons-beanutils/commons-beanutils/1.9.4/commons-beanutils-1.9.4.jar:/home/aasb/.m2/repository/commons-digester/commons-digester/2.1/commons-digester-2.1.jar:/home/aasb/.m2/repository/commons-collections/commons-collections/3.2.2/commons-collections-3.2.2.jar:/home/aasb/.m2/repository/com/fasterxml/jackson/module/jackson-module-scala_2.13/2.15.3/jackson-module-scala_2.13-2.15.3.jar:/home/aasb/.m2/repository/com/thoughtworks/paranamer/paranamer/2.8/paranamer-2.8.jar:/home/aasb/.m2/repository/com/fasterxml/jackson/dataformat/jackson-dataformat-csv/2.15.3/jackson-dataformat-csv-2.15.3.jar:/home/aasb/.m2/repository/org/bitbucket/b_c/jose4j/0.9.3/jose4j-0.9.3.jar:/home/aasb/.m2/repository/org/scala-lang/modules/scala-java8-compat_2.13/1.0.2/scala-java8-compat_2.13-1.0.2.jar:/home/aasb/.m2/repository/io/dropwizard/metrics/metrics-core/4.2.23/metrics-core-4.2.23.jar:/home/aasb/.m2/repository/commons-cli/commons-cli/1.4/commons-cli-1.4.jar:/home/aasb/.m2/repository/org/apache/kafka/kafka_2.13/3.6.1/kafka_2.13-3.6.1-test.jar:/home/aasb/.m2/repository/org/junit/jupiter/junit-jupiter-api/5.10.1/junit-jupiter-api-5.10.1.jar:/home/aasb/.m2/repository/org/opentest4j/opentest4j/1.3.0/opentest4j-1.3.0.jar:/home/aasb/.m2/repository/org/junit/platform/junit-platform-commons/1.10.1/junit-platform-commons-1.10.1.jar:/home/aasb/.m2/repository/org/apiguardian/apiguardian-api/1.1.2/apiguardian-api-1.1.2.jar:/home/aasb/.m2/repository/org/junit/platform/junit-platform-launcher/1.10.1/junit-platform-launcher-1.10.1.jar:/home/aasb/.m2/repository/org/junit/platform/junit-platform-engine/1.10.1/junit-platform-engine-1.10.1.jar:"/>
    <property name="java.vm.vendor" value="Eclipse Adoptium"/>
    <property name="sun.arch.data.model" value="64"/>
    <property name="java.vendor.url" value="https://adoptium.net/"/>
    <property name="user.timezone" value="America/Sao_Paulo"/>
    <property name="os.name" value="Linux"/>
    <property name="java.vm.specification.version" value="17"/>
    <property name="sun.java.launcher" value="SUN_STANDARD"/>
    <property name="user.country" value="BR"/>
    <property name="sun.boot.library.path" value="/opt/devs/programs/eclipse/sts/plugins/org.eclipse.justj.openjdk.hotspot.jre.full.linux.x86_64_17.0.6.v20230125-1136/jre/lib"/>
    <property name="sun.java.command" value="/opt/devs/projects/aasb/aasb-orders-api/target/surefire/surefirebooter-20241126164741239_3.jar /opt/devs/projects/aasb/aasb-orders-api/target/surefire 2024-11-26T16-47-41_194-jvmRun1 surefire-20241126164741239_1tmp surefire_0-20241126164741239_2tmp"/>
    <property name="jdk.debug" value="release"/>
    <property name="surefire.test.class.path" value="/opt/devs/projects/aasb/aasb-orders-api/target/test-classes:/opt/devs/projects/aasb/aasb-orders-api/target/classes:/home/aasb/.m2/repository/org/springframework/boot/spring-boot-starter-web/3.2.2/spring-boot-starter-web-3.2.2.jar:/home/aasb/.m2/repository/org/springframework/boot/spring-boot-starter-json/3.2.2/spring-boot-starter-json-3.2.2.jar:/home/aasb/.m2/repository/com/fasterxml/jackson/datatype/jackson-datatype-jdk8/2.15.3/jackson-datatype-jdk8-2.15.3.jar:/home/aasb/.m2/repository/com/fasterxml/jackson/module/jackson-module-parameter-names/2.15.3/jackson-module-parameter-names-2.15.3.jar:/home/aasb/.m2/repository/org/springframework/boot/spring-boot-starter-tomcat/3.2.2/spring-boot-starter-tomcat-3.2.2.jar:/home/aasb/.m2/repository/org/apache/tomcat/embed/tomcat-embed-core/10.1.18/tomcat-embed-core-10.1.18.jar:/home/aasb/.m2/repository/org/apache/tomcat/embed/tomcat-embed-websocket/10.1.18/tomcat-embed-websocket-10.1.18.jar:/home/aasb/.m2/repository/org/springframework/spring-web/6.1.3/spring-web-6.1.3.jar:/home/aasb/.m2/repository/org/springframework/spring-beans/6.1.3/spring-beans-6.1.3.jar:/home/aasb/.m2/repository/org/springframework/spring-webmvc/6.1.3/spring-webmvc-6.1.3.jar:/home/aasb/.m2/repository/org/springframework/spring-aop/6.1.3/spring-aop-6.1.3.jar:/home/aasb/.m2/repository/org/springframework/spring-expression/6.1.3/spring-expression-6.1.3.jar:/home/aasb/.m2/repository/org/springframework/boot/spring-boot-starter-validation/3.2.2/spring-boot-starter-validation-3.2.2.jar:/home/aasb/.m2/repository/org/apache/tomcat/embed/tomcat-embed-el/10.1.18/tomcat-embed-el-10.1.18.jar:/home/aasb/.m2/repository/org/hibernate/validator/hibernate-validator/8.0.1.Final/hibernate-validator-8.0.1.Final.jar:/home/aasb/.m2/repository/jakarta/validation/jakarta.validation-api/3.0.2/jakarta.validation-api-3.0.2.jar:/home/aasb/.m2/repository/org/jboss/logging/jboss-logging/3.5.3.Final/jboss-logging-3.5.3.Final.jar:/home/aasb/.m2/repository/com/fasterxml/classmate/1.6.0/classmate-1.6.0.jar:/home/aasb/.m2/repository/org/springframework/boot/spring-boot-devtools/3.2.2/spring-boot-devtools-3.2.2.jar:/home/aasb/.m2/repository/org/springframework/boot/spring-boot/3.2.2/spring-boot-3.2.2.jar:/home/aasb/.m2/repository/org/springframework/boot/spring-boot-autoconfigure/3.2.2/spring-boot-autoconfigure-3.2.2.jar:/home/aasb/.m2/repository/com/fasterxml/jackson/datatype/jackson-datatype-jsr310/2.15.2/jackson-datatype-jsr310-2.15.2.jar:/home/aasb/.m2/repository/com/fasterxml/jackson/core/jackson-annotations/2.15.3/jackson-annotations-2.15.3.jar:/home/aasb/.m2/repository/com/fasterxml/jackson/core/jackson-core/2.15.3/jackson-core-2.15.3.jar:/home/aasb/.m2/repository/org/springframework/boot/spring-boot-starter-hateoas/3.2.2/spring-boot-starter-hateoas-3.2.2.jar:/home/aasb/.m2/repository/org/springframework/hateoas/spring-hateoas/2.2.0/spring-hateoas-2.2.0.jar:/home/aasb/.m2/repository/org/springframework/plugin/spring-plugin-core/3.0.0/spring-plugin-core-3.0.0.jar:/home/aasb/.m2/repository/org/slf4j/slf4j-api/2.0.11/slf4j-api-2.0.11.jar:/home/aasb/.m2/repository/org/springframework/boot/spring-boot-starter-actuator/3.2.2/spring-boot-starter-actuator-3.2.2.jar:/home/aasb/.m2/repository/org/springframework/boot/spring-boot-actuator-autoconfigure/3.2.2/spring-boot-actuator-autoconfigure-3.2.2.jar:/home/aasb/.m2/repository/org/springframework/boot/spring-boot-actuator/3.2.2/spring-boot-actuator-3.2.2.jar:/home/aasb/.m2/repository/io/micrometer/micrometer-observation/1.12.2/micrometer-observation-1.12.2.jar:/home/aasb/.m2/repository/io/micrometer/micrometer-commons/1.12.2/micrometer-commons-1.12.2.jar:/home/aasb/.m2/repository/io/micrometer/micrometer-jakarta9/1.12.2/micrometer-jakarta9-1.12.2.jar:/home/aasb/.m2/repository/io/micrometer/micrometer-core/1.12.2/micrometer-core-1.12.2.jar:/home/aasb/.m2/repository/org/hdrhistogram/HdrHistogram/2.1.12/HdrHistogram-2.1.12.jar:/home/aasb/.m2/repository/org/latencyutils/LatencyUtils/2.0.3/LatencyUtils-2.0.3.jar:/home/aasb/.m2/repository/org/springdoc/springdoc-openapi-starter-webmvc-ui/2.5.0/springdoc-openapi-starter-webmvc-ui-2.5.0.jar:/home/aasb/.m2/repository/org/springdoc/springdoc-openapi-starter-webmvc-api/2.5.0/springdoc-openapi-starter-webmvc-api-2.5.0.jar:/home/aasb/.m2/repository/org/springdoc/springdoc-openapi-starter-common/2.5.0/springdoc-openapi-starter-common-2.5.0.jar:/home/aasb/.m2/repository/io/swagger/core/v3/swagger-core-jakarta/2.2.21/swagger-core-jakarta-2.2.21.jar:/home/aasb/.m2/repository/org/apache/commons/commons-lang3/3.13.0/commons-lang3-3.13.0.jar:/home/aasb/.m2/repository/io/swagger/core/v3/swagger-annotations-jakarta/2.2.21/swagger-annotations-jakarta-2.2.21.jar:/home/aasb/.m2/repository/io/swagger/core/v3/swagger-models-jakarta/2.2.21/swagger-models-jakarta-2.2.21.jar:/home/aasb/.m2/repository/com/fasterxml/jackson/dataformat/jackson-dataformat-yaml/2.15.3/jackson-dataformat-yaml-2.15.3.jar:/home/aasb/.m2/repository/org/webjars/swagger-ui/5.13.0/swagger-ui-5.13.0.jar:/home/aasb/.m2/repository/org/springframework/kafka/spring-kafka/3.1.1/spring-kafka-3.1.1.jar:/home/aasb/.m2/repository/org/springframework/spring-context/6.1.3/spring-context-6.1.3.jar:/home/aasb/.m2/repository/org/springframework/spring-messaging/6.1.3/spring-messaging-6.1.3.jar:/home/aasb/.m2/repository/org/springframework/spring-tx/6.1.3/spring-tx-6.1.3.jar:/home/aasb/.m2/repository/org/springframework/retry/spring-retry/2.0.5/spring-retry-2.0.5.jar:/home/aasb/.m2/repository/org/apache/kafka/kafka-clients/3.6.1/kafka-clients-3.6.1.jar:/home/aasb/.m2/repository/com/github/luben/zstd-jni/1.5.5-1/zstd-jni-1.5.5-1.jar:/home/aasb/.m2/repository/org/lz4/lz4-java/1.8.0/lz4-java-1.8.0.jar:/home/aasb/.m2/repository/org/xerial/snappy/snappy-java/1.1.10.5/snappy-java-1.1.10.5.jar:/home/aasb/.m2/repository/com/google/code/findbugs/jsr305/3.0.2/jsr305-3.0.2.jar:/home/aasb/.m2/repository/org/springframework/boot/spring-boot-starter-data-jpa/3.2.2/spring-boot-starter-data-jpa-3.2.2.jar:/home/aasb/.m2/repository/org/springframework/boot/spring-boot-starter-aop/3.2.2/spring-boot-starter-aop-3.2.2.jar:/home/aasb/.m2/repository/org/aspectj/aspectjweaver/1.9.21/aspectjweaver-1.9.21.jar:/home/aasb/.m2/repository/org/springframework/boot/spring-boot-starter-jdbc/3.2.2/spring-boot-starter-jdbc-3.2.2.jar:/home/aasb/.m2/repository/com/zaxxer/HikariCP/5.0.1/HikariCP-5.0.1.jar:/home/aasb/.m2/repository/org/springframework/spring-jdbc/6.1.3/spring-jdbc-6.1.3.jar:/home/aasb/.m2/repository/org/hibernate/orm/hibernate-core/6.4.1.Final/hibernate-core-6.4.1.Final.jar:/home/aasb/.m2/repository/jakarta/persistence/jakarta.persistence-api/3.1.0/jakarta.persistence-api-3.1.0.jar:/home/aasb/.m2/repository/jakarta/transaction/jakarta.transaction-api/2.0.1/jakarta.transaction-api-2.0.1.jar:/home/aasb/.m2/repository/org/hibernate/common/hibernate-commons-annotations/6.0.6.Final/hibernate-commons-annotations-6.0.6.Final.jar:/home/aasb/.m2/repository/io/smallrye/jandex/3.1.2/jandex-3.1.2.jar:/home/aasb/.m2/repository/net/bytebuddy/byte-buddy/1.14.11/byte-buddy-1.14.11.jar:/home/aasb/.m2/repository/org/glassfish/jaxb/jaxb-runtime/4.0.4/jaxb-runtime-4.0.4.jar:/home/aasb/.m2/repository/org/glassfish/jaxb/jaxb-core/4.0.4/jaxb-core-4.0.4.jar:/home/aasb/.m2/repository/org/eclipse/angus/angus-activation/2.0.1/angus-activation-2.0.1.jar:/home/aasb/.m2/repository/org/glassfish/jaxb/txw2/4.0.4/txw2-4.0.4.jar:/home/aasb/.m2/repository/com/sun/istack/istack-commons-runtime/4.1.2/istack-commons-runtime-4.1.2.jar:/home/aasb/.m2/repository/jakarta/inject/jakarta.inject-api/2.0.1/jakarta.inject-api-2.0.1.jar:/home/aasb/.m2/repository/org/antlr/antlr4-runtime/4.13.0/antlr4-runtime-4.13.0.jar:/home/aasb/.m2/repository/org/springframework/data/spring-data-jpa/3.2.2/spring-data-jpa-3.2.2.jar:/home/aasb/.m2/repository/org/springframework/data/spring-data-commons/3.2.2/spring-data-commons-3.2.2.jar:/home/aasb/.m2/repository/org/springframework/spring-orm/6.1.3/spring-orm-6.1.3.jar:/home/aasb/.m2/repository/org/springframework/spring-aspects/6.1.3/spring-aspects-6.1.3.jar:/home/aasb/.m2/repository/mysql/mysql-connector-java/8.0.30/mysql-connector-java-8.0.30.jar:/home/aasb/.m2/repository/com/google/protobuf/protobuf-java/3.19.4/protobuf-java-3.19.4.jar:/home/aasb/.m2/repository/org/flywaydb/flyway-core/9.22.3/flyway-core-9.22.3.jar:/home/aasb/.m2/repository/com/fasterxml/jackson/dataformat/jackson-dataformat-toml/2.15.3/jackson-dataformat-toml-2.15.3.jar:/home/aasb/.m2/repository/com/google/code/gson/gson/2.10.1/gson-2.10.1.jar:/home/aasb/.m2/repository/org/flywaydb/flyway-mysql/9.22.3/flyway-mysql-9.22.3.jar:/home/aasb/.m2/repository/org/projectlombok/lombok/1.18.30/lombok-1.18.30.jar:/home/aasb/.m2/repository/org/springframework/boot/spring-boot-starter/3.2.2/spring-boot-starter-3.2.2.jar:/home/aasb/.m2/repository/jakarta/annotation/jakarta.annotation-api/2.1.1/jakarta.annotation-api-2.1.1.jar:/home/aasb/.m2/repository/org/springframework/spring-core/6.1.3/spring-core-6.1.3.jar:/home/aasb/.m2/repository/org/springframework/spring-jcl/6.1.3/spring-jcl-6.1.3.jar:/home/aasb/.m2/repository/org/yaml/snakeyaml/2.2/snakeyaml-2.2.jar:/home/aasb/.m2/repository/org/springframework/boot/spring-boot-starter-log4j2/3.2.2/spring-boot-starter-log4j2-3.2.2.jar:/home/aasb/.m2/repository/org/apache/logging/log4j/log4j-slf4j2-impl/2.21.1/log4j-slf4j2-impl-2.21.1.jar:/home/aasb/.m2/repository/org/apache/logging/log4j/log4j-api/2.21.1/log4j-api-2.21.1.jar:/home/aasb/.m2/repository/org/apache/logging/log4j/log4j-core/2.21.1/log4j-core-2.21.1.jar:/home/aasb/.m2/repository/org/apache/logging/log4j/log4j-jul/2.21.1/log4j-jul-2.21.1.jar:/home/aasb/.m2/repository/org/mapstruct/mapstruct/1.5.3.Final/mapstruct-1.5.3.Final.jar:/home/aasb/.m2/repository/com/fasterxml/jackson/core/jackson-databind/2.14.0/jackson-databind-2.14.0.jar:/home/aasb/.m2/repository/org/springframework/boot/spring-boot-test-autoconfigure/3.2.2/spring-boot-test-autoconfigure-3.2.2.jar:/home/aasb/.m2/repository/org/springframework/boot/spring-boot-test/3.2.2/spring-boot-test-3.2.2.jar:/home/aasb/.m2/repository/org/springframework/boot/spring-boot-starter-test/3.2.2/spring-boot-starter-test-3.2.2.jar:/home/aasb/.m2/repository/com/jayway/jsonpath/json-path/2.8.0/json-path-2.8.0.jar:/home/aasb/.m2/repository/jakarta/xml/bind/jakarta.xml.bind-api/4.0.1/jakarta.xml.bind-api-4.0.1.jar:/home/aasb/.m2/repository/jakarta/activation/jakarta.activation-api/2.1.2/jakarta.activation-api-2.1.2.jar:/home/aasb/.m2/repository/net/minidev/json-smart/2.5.0/json-smart-2.5.0.jar:/home/aasb/.m2/repository/net/minidev/accessors-smart/2.5.0/accessors-smart-2.5.0.jar:/home/aasb/.m2/repository/org/ow2/asm/asm/9.3/asm-9.3.jar:/home/aasb/.m2/repository/org/assertj/assertj-core/3.24.2/assertj-core-3.24.2.jar:/home/aasb/.m2/repository/org/hamcrest/hamcrest/2.2/hamcrest-2.2.jar:/home/aasb/.m2/repository/org/junit/jupiter/junit-jupiter/5.10.1/junit-jupiter-5.10.1.jar:/home/aasb/.m2/repository/org/junit/jupiter/junit-jupiter-params/5.10.1/junit-jupiter-params-5.10.1.jar:/home/aasb/.m2/repository/org/junit/jupiter/junit-jupiter-engine/5.10.1/junit-jupiter-engine-5.10.1.jar:/home/aasb/.m2/repository/org/mockito/mockito-core/5.7.0/mockito-core-5.7.0.jar:/home/aasb/.m2/repository/net/bytebuddy/byte-buddy-agent/1.14.11/byte-buddy-agent-1.14.11.jar:/home/aasb/.m2/repository/org/objenesis/objenesis/3.3/objenesis-3.3.jar:/home/aasb/.m2/repository/org/mockito/mockito-junit-jupiter/5.7.0/mockito-junit-jupiter-5.7.0.jar:/home/aasb/.m2/repository/org/skyscreamer/jsonassert/1.5.1/jsonassert-1.5.1.jar:/home/aasb/.m2/repository/com/vaadin/external/google/android-json/0.0.20131108.vaadin1/android-json-0.0.20131108.vaadin1.jar:/home/aasb/.m2/repository/org/springframework/spring-test/6.1.3/spring-test-6.1.3.jar:/home/aasb/.m2/repository/org/xmlunit/xmlunit-core/2.9.1/xmlunit-core-2.9.1.jar:/home/aasb/.m2/repository/org/postgresql/postgresql/42.6.0/postgresql-42.6.0.jar:/home/aasb/.m2/repository/org/checkerframework/checker-qual/3.31.0/checker-qual-3.31.0.jar:/home/aasb/.m2/repository/org/testcontainers/postgresql/1.18.0/postgresql-1.18.0.jar:/home/aasb/.m2/repository/org/testcontainers/jdbc/1.18.0/jdbc-1.18.0.jar:/home/aasb/.m2/repository/org/testcontainers/database-commons/1.18.0/database-commons-1.18.0.jar:/home/aasb/.m2/repository/org/testcontainers/testcontainers/1.18.0/testcontainers-1.18.0.jar:/home/aasb/.m2/repository/junit/junit/4.13.2/junit-4.13.2.jar:/home/aasb/.m2/repository/org/hamcrest/hamcrest-core/2.2/hamcrest-core-2.2.jar:/home/aasb/.m2/repository/org/apache/commons/commons-compress/1.22/commons-compress-1.22.jar:/home/aasb/.m2/repository/org/rnorth/duct-tape/duct-tape/1.0.8/duct-tape-1.0.8.jar:/home/aasb/.m2/repository/org/jetbrains/annotations/17.0.0/annotations-17.0.0.jar:/home/aasb/.m2/repository/com/github/docker-java/docker-java-api/3.3.0/docker-java-api-3.3.0.jar:/home/aasb/.m2/repository/com/github/docker-java/docker-java-transport-zerodep/3.3.0/docker-java-transport-zerodep-3.3.0.jar:/home/aasb/.m2/repository/com/github/docker-java/docker-java-transport/3.3.0/docker-java-transport-3.3.0.jar:/home/aasb/.m2/repository/net/java/dev/jna/jna/5.12.1/jna-5.12.1.jar:/home/aasb/.m2/repository/org/awaitility/awaitility/4.2.0/awaitility-4.2.0.jar:/home/aasb/.m2/repository/io/findify/s3mock_2.13/0.2.6/s3mock_2.13-0.2.6.jar:/home/aasb/.m2/repository/org/scala-lang/scala-library/2.13.2/scala-library-2.13.2.jar:/home/aasb/.m2/repository/com/typesafe/akka/akka-stream_2.13/2.5.31/akka-stream_2.13-2.5.31.jar:/home/aasb/.m2/repository/com/typesafe/akka/akka-actor_2.13/2.5.31/akka-actor_2.13-2.5.31.jar:/home/aasb/.m2/repository/com/typesafe/config/1.3.3/config-1.3.3.jar:/home/aasb/.m2/repository/com/typesafe/akka/akka-protobuf_2.13/2.5.31/akka-protobuf_2.13-2.5.31.jar:/home/aasb/.m2/repository/org/reactivestreams/reactive-streams/1.0.4/reactive-streams-1.0.4.jar:/home/aasb/.m2/repository/com/typesafe/ssl-config-core_2.13/0.3.8/ssl-config-core_2.13-0.3.8.jar:/home/aasb/.m2/repository/org/scala-lang/modules/scala-parser-combinators_2.13/1.1.2/scala-parser-combinators_2.13-1.1.2.jar:/home/aasb/.m2/repository/com/typesafe/akka/akka-http_2.13/10.1.12/akka-http_2.13-10.1.12.jar:/home/aasb/.m2/repository/com/typesafe/akka/akka-http-core_2.13/10.1.12/akka-http-core_2.13-10.1.12.jar:/home/aasb/.m2/repository/com/typesafe/akka/akka-parsing_2.13/10.1.12/akka-parsing_2.13-10.1.12.jar:/home/aasb/.m2/repository/org/scala-lang/modules/scala-xml_2.13/1.3.0/scala-xml_2.13-1.3.0.jar:/home/aasb/.m2/repository/org/scala-lang/modules/scala-collection-compat_2.13/2.1.6/scala-collection-compat_2.13-2.1.6.jar:/home/aasb/.m2/repository/com/github/pathikrit/better-files_2.13/3.9.1/better-files_2.13-3.9.1.jar:/home/aasb/.m2/repository/com/typesafe/scala-logging/scala-logging_2.13/3.9.2/scala-logging_2.13-3.9.2.jar:/home/aasb/.m2/repository/org/scala-lang/scala-reflect/2.13.0/scala-reflect-2.13.0.jar:/home/aasb/.m2/repository/com/amazonaws/aws-java-sdk-s3/1.11.294/aws-java-sdk-s3-1.11.294.jar:/home/aasb/.m2/repository/com/amazonaws/aws-java-sdk-kms/1.11.294/aws-java-sdk-kms-1.11.294.jar:/home/aasb/.m2/repository/com/amazonaws/aws-java-sdk-core/1.11.294/aws-java-sdk-core-1.11.294.jar:/home/aasb/.m2/repository/commons-logging/commons-logging/1.1.3/commons-logging-1.1.3.jar:/home/aasb/.m2/repository/org/apache/httpcomponents/httpclient/4.5.5/httpclient-4.5.5.jar:/home/aasb/.m2/repository/org/apache/httpcomponents/httpcore/4.4.16/httpcore-4.4.16.jar:/home/aasb/.m2/repository/commons-codec/commons-codec/1.16.0/commons-codec-1.16.0.jar:/home/aasb/.m2/repository/software/amazon/ion/ion-java/1.0.2/ion-java-1.0.2.jar:/home/aasb/.m2/repository/com/fasterxml/jackson/dataformat/jackson-dataformat-cbor/2.15.3/jackson-dataformat-cbor-2.15.3.jar:/home/aasb/.m2/repository/joda-time/joda-time/2.8.1/joda-time-2.8.1.jar:/home/aasb/.m2/repository/com/amazonaws/jmespath-java/1.11.294/jmespath-java-1.11.294.jar:/home/aasb/.m2/repository/org/iq80/leveldb/leveldb/0.12/leveldb-0.12.jar:/home/aasb/.m2/repository/org/iq80/leveldb/leveldb-api/0.12/leveldb-api-0.12.jar:/home/aasb/.m2/repository/com/google/guava/guava/21.0/guava-21.0.jar:/home/aasb/.m2/repository/javax/xml/bind/jaxb-api/2.3.1/jaxb-api-2.3.1.jar:/home/aasb/.m2/repository/javax/activation/javax.activation-api/1.2.0/javax.activation-api-1.2.0.jar:/home/aasb/.m2/repository/org/springframework/kafka/spring-kafka-test/3.1.1/spring-kafka-test-3.1.1.jar:/home/aasb/.m2/repository/org/apache/zookeeper/zookeeper/3.8.3/zookeeper-3.8.3.jar:/home/aasb/.m2/repository/org/apache/zookeeper/zookeeper-jute/3.8.3/zookeeper-jute-3.8.3.jar:/home/aasb/.m2/repository/org/apache/yetus/audience-annotations/0.12.0/audience-annotations-0.12.0.jar:/home/aasb/.m2/repository/io/netty/netty-handler/4.1.105.Final/netty-handler-4.1.105.Final.jar:/home/aasb/.m2/repository/io/netty/netty-common/4.1.105.Final/netty-common-4.1.105.Final.jar:/home/aasb/.m2/repository/io/netty/netty-resolver/4.1.105.Final/netty-resolver-4.1.105.Final.jar:/home/aasb/.m2/repository/io/netty/netty-buffer/4.1.105.Final/netty-buffer-4.1.105.Final.jar:/home/aasb/.m2/repository/io/netty/netty-transport/4.1.105.Final/netty-transport-4.1.105.Final.jar:/home/aasb/.m2/repository/io/netty/netty-transport-native-unix-common/4.1.105.Final/netty-transport-native-unix-common-4.1.105.Final.jar:/home/aasb/.m2/repository/io/netty/netty-codec/4.1.105.Final/netty-codec-4.1.105.Final.jar:/home/aasb/.m2/repository/io/netty/netty-transport-native-epoll/4.1.105.Final/netty-transport-native-epoll-4.1.105.Final.jar:/home/aasb/.m2/repository/io/netty/netty-transport-classes-epoll/4.1.105.Final/netty-transport-classes-epoll-4.1.105.Final.jar:/home/aasb/.m2/repository/ch/qos/logback/logback-core/1.4.14/logback-core-1.4.14.jar:/home/aasb/.m2/repository/ch/qos/logback/logback-classic/1.4.14/logback-classic-1.4.14.jar:/home/aasb/.m2/repository/commons-io/commons-io/2.11.0/commons-io-2.11.0.jar:/home/aasb/.m2/repository/org/apache/kafka/kafka-clients/3.6.1/kafka-clients-3.6.1-test.jar:/home/aasb/.m2/repository/org/apache/kafka/kafka-metadata/3.6.1/kafka-metadata-3.6.1.jar:/home/aasb/.m2/repository/org/apache/kafka/kafka-raft/3.6.1/kafka-raft-3.6.1.jar:/home/aasb/.m2/repository/com/yammer/metrics/metrics-core/2.2.0/metrics-core-2.2.0.jar:/home/aasb/.m2/repository/org/apache/kafka/kafka-server-common/3.6.1/kafka-server-common-3.6.1.jar:/home/aasb/.m2/repository/net/sf/jopt-simple/jopt-simple/5.0.4/jopt-simple-5.0.4.jar:/home/aasb/.m2/repository/org/pcollections/pcollections/4.0.1/pcollections-4.0.1.jar:/home/aasb/.m2/repository/org/apache/kafka/kafka-server-common/3.6.1/kafka-server-common-3.6.1-test.jar:/home/aasb/.m2/repository/org/apache/kafka/kafka-streams-test-utils/3.6.1/kafka-streams-test-utils-3.6.1.jar:/home/aasb/.m2/repository/org/apache/kafka/kafka-streams/3.6.1/kafka-streams-3.6.1.jar:/home/aasb/.m2/repository/org/rocksdb/rocksdbjni/7.9.2/rocksdbjni-7.9.2.jar:/home/aasb/.m2/repository/org/apache/kafka/kafka_2.13/3.6.1/kafka_2.13-3.6.1.jar:/home/aasb/.m2/repository/org/apache/kafka/kafka-group-coordinator/3.6.1/kafka-group-coordinator-3.6.1.jar:/home/aasb/.m2/repository/org/apache/kafka/kafka-storage-api/3.6.1/kafka-storage-api-3.6.1.jar:/home/aasb/.m2/repository/org/apache/kafka/kafka-tools-api/3.6.1/kafka-tools-api-3.6.1.jar:/home/aasb/.m2/repository/org/apache/kafka/kafka-storage/3.6.1/kafka-storage-3.6.1.jar:/home/aasb/.m2/repository/com/github/ben-manes/caffeine/caffeine/3.1.8/caffeine-3.1.8.jar:/home/aasb/.m2/repository/com/google/errorprone/error_prone_annotations/2.21.1/error_prone_annotations-2.21.1.jar:/home/aasb/.m2/repository/net/sourceforge/argparse4j/argparse4j/0.7.0/argparse4j-0.7.0.jar:/home/aasb/.m2/repository/commons-validator/commons-validator/1.7/commons-validator-1.7.jar:/home/aasb/.m2/repository/commons-beanutils/commons-beanutils/1.9.4/commons-beanutils-1.9.4.jar:/home/aasb/.m2/repository/commons-digester/commons-digester/2.1/commons-digester-2.1.jar:/home/aasb/.m2/repository/commons-collections/commons-collections/3.2.2/commons-collections-3.2.2.jar:/home/aasb/.m2/repository/com/fasterxml/jackson/module/jackson-module-scala_2.13/2.15.3/jackson-module-scala_2.13-2.15.3.jar:/home/aasb/.m2/repository/com/thoughtworks/paranamer/paranamer/2.8/paranamer-2.8.jar:/home/aasb/.m2/repository/com/fasterxml/jackson/dataformat/jackson-dataformat-csv/2.15.3/jackson-dataformat-csv-2.15.3.jar:/home/aasb/.m2/repository/org/bitbucket/b_c/jose4j/0.9.3/jose4j-0.9.3.jar:/home/aasb/.m2/repository/org/scala-lang/modules/scala-java8-compat_2.13/1.0.2/scala-java8-compat_2.13-1.0.2.jar:/home/aasb/.m2/repository/io/dropwizard/metrics/metrics-core/4.2.23/metrics-core-4.2.23.jar:/home/aasb/.m2/repository/commons-cli/commons-cli/1.4/commons-cli-1.4.jar:/home/aasb/.m2/repository/org/apache/kafka/kafka_2.13/3.6.1/kafka_2.13-3.6.1-test.jar:/home/aasb/.m2/repository/org/junit/jupiter/junit-jupiter-api/5.10.1/junit-jupiter-api-5.10.1.jar:/home/aasb/.m2/repository/org/opentest4j/opentest4j/1.3.0/opentest4j-1.3.0.jar:/home/aasb/.m2/repository/org/junit/platform/junit-platform-commons/1.10.1/junit-platform-commons-1.10.1.jar:/home/aasb/.m2/repository/org/apiguardian/apiguardian-api/1.1.2/apiguardian-api-1.1.2.jar:/home/aasb/.m2/repository/org/junit/platform/junit-platform-launcher/1.10.1/junit-platform-launcher-1.10.1.jar:/home/aasb/.m2/repository/org/junit/platform/junit-platform-engine/1.10.1/junit-platform-engine-1.10.1.jar:"/>
    <property name="sun.cpu.endian" value="little"/>
    <property name="user.home" value="/home/aasb"/>
    <property name="user.language" value="pt"/>
    <property name="java.specification.vendor" value="Oracle Corporation"/>
    <property name="java.version.date" value="2023-01-17"/>
    <property name="java.home" value="/opt/devs/programs/eclipse/sts/plugins/org.eclipse.justj.openjdk.hotspot.jre.full.linux.x86_64_17.0.6.v20230125-1136/jre"/>
    <property name="file.separator" value="/"/>
    <property name="style.color" value="always"/>
    <property name="basedir" value="/opt/devs/projects/aasb/aasb-orders-api"/>
    <property name="java.vm.compressedOopsMode" value="Zero based"/>
    <property name="line.separator" value="&#10;"/>
    <property name="java.specification.name" value="Java Platform API Specification"/>
    <property name="java.vm.specification.vendor" value="Oracle Corporation"/>
    <property name="java.awt.headless" value="true"/>
    <property name="surefire.real.class.path" value="/opt/devs/projects/aasb/aasb-orders-api/target/surefire/surefirebooter-20241126164741239_3.jar"/>
    <property name="sun.management.compiler" value="HotSpot 64-Bit Tiered Compilers"/>
    <property name="java.runtime.version" value="17.0.6+10"/>
    <property name="user.name" value="aasb"/>
    <property name="path.separator" value=":"/>
    <property name="os.version" value="5.15.0-126-generic"/>
    <property name="java.runtime.name" value="OpenJDK Runtime Environment"/>
    <property name="file.encoding" value="UTF-8"/>
    <property name="java.vm.name" value="OpenJDK 64-Bit Server VM"/>
    <property name="java.vendor.version" value="Temurin-17.0.6+10"/>
    <property name="localRepository" value="/home/aasb/.m2/repository"/>
    <property name="java.vendor.url.bug" value="https://github.com/adoptium/adoptium-support/issues"/>
    <property name="java.io.tmpdir" value="/tmp"/>
    <property name="java.version" value="17.0.6"/>
    <property name="user.dir" value="/opt/devs/projects/aasb/aasb-orders-api"/>
    <property name="os.arch" value="amd64"/>
    <property name="java.vm.specification.name" value="Java Virtual Machine Specification"/>
    <property name="native.encoding" value="UTF-8"/>
    <property name="java.library.path" value="/usr/java/packages/lib:/usr/lib64:/lib64:/lib:/usr/lib"/>
    <property name="java.vm.info" value="mixed mode"/>
    <property name="java.vendor" value="Eclipse Adoptium"/>
    <property name="java.vm.version" value="17.0.6+10"/>
    <property name="sun.io.unicode.encoding" value="UnicodeLittle"/>
    <property name="java.class.version" value="61.0"/>
  </properties>
  <testcase name="contextLoads" classname="br.com.aasb.orders.ApiApplicationTests" time="0.009">
    <error message="Failed to load ApplicationContext for [WebMergedContextConfiguration@5e8604bf testClass = br.com.aasb.orders.ApiApplicationTests, locations = [], classes = [br.com.aasb.orders.ApiApplication], contextInitializerClasses = [], activeProfiles = [], propertySourceDescriptors = [], propertySourceProperties = [&quot;org.springframework.boot.test.context.SpringBootTestContextBootstrapper=true&quot;], contextCustomizers = [org.springframework.boot.test.autoconfigure.actuate.observability.ObservabilityContextCustomizerFactory$DisableObservabilityContextCustomizer@1f, org.springframework.boot.test.autoconfigure.properties.PropertyMappingContextCustomizer@0, org.springframework.boot.test.autoconfigure.web.servlet.WebDriverContextCustomizer@2cd2c8fe, org.springframework.boot.test.context.filter.ExcludeFilterContextCustomizer@1a6f2363, org.springframework.boot.test.json.DuplicateJsonObjectContextCustomizerFactory$DuplicateJsonObjectContextCustomizer@1b58ff9e, org.springframework.boot.test.mock.mockito.MockitoContextCustomizer@0, org.springframework.boot.test.web.client.TestRestTemplateContextCustomizer@7adbd080, org.springframework.boot.test.context.SpringBootTestAnnotation@e4b6c8d2], resourceBasePath = &quot;src/main/webapp&quot;, contextLoader = org.springframework.boot.test.context.SpringBootContextLoader, parent = null]" type="java.lang.IllegalStateException"><![CDATA[java.lang.IllegalStateException: Failed to load ApplicationContext for [WebMergedContextConfiguration@5e8604bf testClass = br.com.aasb.orders.ApiApplicationTests, locations = [], classes = [br.com.aasb.orders.ApiApplication], contextInitializerClasses = [], activeProfiles = [], propertySourceDescriptors = [], propertySourceProperties = ["org.springframework.boot.test.context.SpringBootTestContextBootstrapper=true"], contextCustomizers = [org.springframework.boot.test.autoconfigure.actuate.observability.ObservabilityContextCustomizerFactory$DisableObservabilityContextCustomizer@1f, org.springframework.boot.test.autoconfigure.properties.PropertyMappingContextCustomizer@0, org.springframework.boot.test.autoconfigure.web.servlet.WebDriverContextCustomizer@2cd2c8fe, org.springframework.boot.test.context.filter.ExcludeFilterContextCustomizer@1a6f2363, org.springframework.boot.test.json.DuplicateJsonObjectContextCustomizerFactory$DuplicateJsonObjectContextCustomizer@1b58ff9e, org.springframework.boot.test.mock.mockito.MockitoContextCustomizer@0, org.springframework.boot.test.web.client.TestRestTemplateContextCustomizer@7adbd080, org.springframework.boot.test.context.SpringBootTestAnnotation@e4b6c8d2], resourceBasePath = "src/main/webapp", contextLoader = org.springframework.boot.test.context.SpringBootContextLoader, parent = null]
	at org.springframework.test.context.cache.DefaultCacheAwareContextLoaderDelegate.loadContext(DefaultCacheAwareContextLoaderDelegate.java:180)
	at org.springframework.test.context.support.DefaultTestContext.getApplicationContext(DefaultTestContext.java:130)
	at org.springframework.test.context.web.ServletTestExecutionListener.setUpRequestContextIfNecessary(ServletTestExecutionListener.java:191)
	at org.springframework.test.context.web.ServletTestExecutionListener.prepareTestInstance(ServletTestExecutionListener.java:130)
	at org.springframework.test.context.TestContextManager.prepareTestInstance(TestContextManager.java:260)
	at org.springframework.test.context.junit.jupiter.SpringExtension.postProcessTestInstance(SpringExtension.java:163)
	at java.base/java.util.stream.ReferencePipeline$3$1.accept(ReferencePipeline.java:197)
	at java.base/java.util.stream.ReferencePipeline$2$1.accept(ReferencePipeline.java:179)
	at java.base/java.util.ArrayList$ArrayListSpliterator.forEachRemaining(ArrayList.java:1625)
	at java.base/java.util.stream.AbstractPipeline.copyInto(AbstractPipeline.java:509)
	at java.base/java.util.stream.AbstractPipeline.wrapAndCopyInto(AbstractPipeline.java:499)
	at java.base/java.util.stream.StreamSpliterators$WrappingSpliterator.forEachRemaining(StreamSpliterators.java:310)
	at java.base/java.util.stream.Streams$ConcatSpliterator.forEachRemaining(Streams.java:735)
	at java.base/java.util.stream.Streams$ConcatSpliterator.forEachRemaining(Streams.java:734)
	at java.base/java.util.stream.ReferencePipeline$Head.forEach(ReferencePipeline.java:762)
	at java.base/java.util.Optional.orElseGet(Optional.java:364)
	at java.base/java.util.ArrayList.forEach(ArrayList.java:1511)
	at java.base/java.util.ArrayList.forEach(ArrayList.java:1511)
Caused by: java.lang.IllegalArgumentException: LoggerFactory is not a Logback LoggerContext but Logback is on the classpath. Either remove Logback or the competing implementation (class org.apache.logging.slf4j.Log4jLoggerFactory loaded from file:/home/aasb/.m2/repository/org/apache/logging/log4j/log4j-slf4j2-impl/2.21.1/log4j-slf4j2-impl-2.21.1.jar). If you are using WebLogic you will need to add 'org.slf4j' to prefer-application-packages in WEB-INF/weblogic.xml: org.apache.logging.slf4j.Log4jLoggerFactory
	at org.springframework.util.Assert.instanceCheckFailed(Assert.java:592)
	at org.springframework.util.Assert.isInstanceOf(Assert.java:511)
	at org.springframework.boot.logging.logback.LogbackLoggingSystem.getLoggerContext(LogbackLoggingSystem.java:396)
	at org.springframework.boot.logging.logback.LogbackLoggingSystem.beforeInitialize(LogbackLoggingSystem.java:124)
	at org.springframework.boot.context.logging.LoggingApplicationListener.onApplicationStartingEvent(LoggingApplicationListener.java:238)
	at org.springframework.boot.context.logging.LoggingApplicationListener.onApplicationEvent(LoggingApplicationListener.java:220)
	at org.springframework.context.event.SimpleApplicationEventMulticaster.doInvokeListener(SimpleApplicationEventMulticaster.java:178)
	at org.springframework.context.event.SimpleApplicationEventMulticaster.invokeListener(SimpleApplicationEventMulticaster.java:171)
	at org.springframework.context.event.SimpleApplicationEventMulticaster.multicastEvent(SimpleApplicationEventMulticaster.java:149)
	at org.springframework.context.event.SimpleApplicationEventMulticaster.multicastEvent(SimpleApplicationEventMulticaster.java:137)
	at org.springframework.boot.context.event.EventPublishingRunListener.multicastInitialEvent(EventPublishingRunListener.java:136)
	at org.springframework.boot.context.event.EventPublishingRunListener.starting(EventPublishingRunListener.java:75)
	at org.springframework.boot.SpringApplicationRunListeners.lambda$starting$0(SpringApplicationRunListeners.java:54)
	at java.base/java.lang.Iterable.forEach(Iterable.java:75)
	at org.springframework.boot.SpringApplicationRunListeners.doWithListeners(SpringApplicationRunListeners.java:118)
	at org.springframework.boot.SpringApplicationRunListeners.starting(SpringApplicationRunListeners.java:54)
	at org.springframework.boot.SpringApplication.run(SpringApplication.java:326)
	at org.springframework.boot.test.context.SpringBootContextLoader.lambda$loadContext$3(SpringBootContextLoader.java:137)
	at org.springframework.util.function.ThrowingSupplier.get(ThrowingSupplier.java:58)
	at org.springframework.util.function.ThrowingSupplier.get(ThrowingSupplier.java:46)
	at org.springframework.boot.SpringApplication.withHook(SpringApplication.java:1454)
	at org.springframework.boot.test.context.SpringBootContextLoader$ContextLoaderHook.run(SpringBootContextLoader.java:552)
	at org.springframework.boot.test.context.SpringBootContextLoader.loadContext(SpringBootContextLoader.java:137)
	at org.springframework.boot.test.context.SpringBootContextLoader.loadContext(SpringBootContextLoader.java:108)
	at org.springframework.test.context.cache.DefaultCacheAwareContextLoaderDelegate.loadContextInternal(DefaultCacheAwareContextLoaderDelegate.java:225)
	at org.springframework.test.context.cache.DefaultCacheAwareContextLoaderDelegate.loadContext(DefaultCacheAwareContextLoaderDelegate.java:152)
	... 17 more
]]></error>
    <system-err><![CDATA[SLF4J(W): Class path contains multiple SLF4J providers.
SLF4J(W): Found provider [org.apache.logging.slf4j.SLF4JServiceProvider@773e2eb5]
SLF4J(W): Found provider [ch.qos.logback.classic.spi.LogbackServiceProvider@d8948cd]
SLF4J(W): See https://www.slf4j.org/codes.html#multiple_bindings for an explanation.
SLF4J(I): Actual provider is of type [org.apache.logging.slf4j.SLF4JServiceProvider@773e2eb5]
]]></system-err>
  </testcase>
</testsuite>